Change Component Designator: Old Designator=C? New Designator=C54
Change Component Designator: Old Designator=C? New Designator=C55
Change Component Designator: Old Designator=C? New Designator=C56
Change Component Designator: Old Designator=C? New Designator=C57
Change Component Designator: Old Designator=C? New Designator=C58
Change Component Designator: Old Designator=C? New Designator=C59
Change Component Designator: Old Designator=C? New Designator=C60
Change Component Designator: Old Designator=C? New Designator=C61
Change Component Designator: Old Designator=C? New Designator=C62
Change Component Designator: Old Designator=C? New Designator=C63
Change Component Designator: Old Designator=C? New Designator=C64
Change Component Designator: Old Designator=C? New Designator=C65
Change Component Designator: Old Designator=C? New Designator=C66
Change Component Designator: Old Designator=C? New Designator=C67
Change Component Designator: Old Designator=C? New Designator=C68
Change Component Designator: Old Designator=C? New Designator=C69
Change Component Designator: Old Designator=C? New Designator=C70
Change Component Designator: Old Designator=C? New Designator=C71
Change Component Designator: Old Designator=FB? New Designator=FB4
Change Component Designator: Old Designator=J? New Designator=J8
Change Component Designator: Old Designator=J? New Designator=J9
Change Component Designator: Old Designator=R? New Designator=R34
Change Component Designator: Old Designator=R? New Designator=R35
Change Component Designator: Old Designator=R? New Designator=R36
Change Component Designator: Old Designator=SW? New Designator=SW3
Change Component Designator: Old Designator=U? New Designator=U8
Change Component Designator: Old Designator=U? New Designator=U8
Change Component Designator: Old Designator=U? New Designator=U8
Change Component Designator: Old Designator=X? New Designator=X2
