Change Component Description : Designator=C2 Old Description=0.1µF ±10% 50V Ceramic Capacitor X7R 0805 (2012 Metric) New Description=0.1µF ±10% 50V Ceramic Capacitor X7R 0805 (2012 Metric)

Change Component Description : Designator=C3 Old Description=0.1µF ±10% 50V Ceramic Capacitor X7R 0805 (2012 Metric) New Description=0.1µF ±10% 50V Ceramic Capacitor X7R 0805 (2012 Metric)

Change Component Description : Designator=C4 Old Description=0.1µF ±10% 50V Ceramic Capacitor X7R 0805 (2012 Metric) New Description=0.1µF ±10% 50V Ceramic Capacitor X7R 0805 (2012 Metric)

Change Component Description : Designator=C9 Old Description=0.1µF ±10% 50V Ceramic Capacitor X7R 0805 (2012 Metric) New Description=0.1µF ±10% 50V Ceramic Capacitor X7R 0805 (2012 Metric)

Change Component Description : Designator=C13 Old Description=0.1µF ±10% 50V Ceramic Capacitor X7R 0805 (2012 Metric) New Description=0.1µF ±10% 50V Ceramic Capacitor X7R 0805 (2012 Metric)

Change Component Description : Designator=C17 Old Description=0.1µF ±10% 50V Ceramic Capacitor X7R 0805 (2012 Metric) New Description=0.1µF ±10% 50V Ceramic Capacitor X7R 0805 (2012 Metric)

Change Component Description : Designator=C22 Old Description=0.1µF ±10% 50V Ceramic Capacitor X7R 0805 (2012 Metric) New Description=0.1µF ±10% 50V Ceramic Capacitor X7R 0805 (2012 Metric)

Change Component Description : Designator=C25 Old Description=0.1µF ±10% 50V Ceramic Capacitor X7R 0805 (2012 Metric) New Description=0.1µF ±10% 50V Ceramic Capacitor X7R 0805 (2012 Metric)

Change Component Description : Designator=C28 Old Description=0.1µF ±10% 50V Ceramic Capacitor X7R 0805 (2012 Metric) New Description=0.1µF ±10% 50V Ceramic Capacitor X7R 0805 (2012 Metric)

Change Component Description : Designator=C29 Old Description=0.1µF ±10% 50V Ceramic Capacitor X7R 0805 (2012 Metric) New Description=0.1µF ±10% 50V Ceramic Capacitor X7R 0805 (2012 Metric)

Change Component Description : Designator=C30 Old Description=0.1µF ±10% 50V Ceramic Capacitor X7R 0805 (2012 Metric) New Description=0.1µF ±10% 50V Ceramic Capacitor X7R 0805 (2012 Metric)

Change Component Description : Designator=C31 Old Description=0.1µF ±10% 50V Ceramic Capacitor X7R 0805 (2012 Metric) New Description=0.1µF ±10% 50V Ceramic Capacitor X7R 0805 (2012 Metric)

Change Component Description : Designator=C32 Old Description=0.1µF ±10% 50V Ceramic Capacitor X7R 0805 (2012 Metric) New Description=0.1µF ±10% 50V Ceramic Capacitor X7R 0805 (2012 Metric)

Change Component Description : Designator=C36 Old Description=0.1µF ±10% 50V Ceramic Capacitor X7R 0805 (2012 Metric) New Description=0.1µF ±10% 50V Ceramic Capacitor X7R 0805 (2012 Metric)

Change Component Description : Designator=C38 Old Description=0.1µF ±10% 50V Ceramic Capacitor X7R 0805 (2012 Metric) New Description=0.1µF ±10% 50V Ceramic Capacitor X7R 0805 (2012 Metric)

Change Component Description : Designator=C40 Old Description=0.1µF ±10% 50V Ceramic Capacitor X7R 0805 (2012 Metric) New Description=0.1µF ±10% 50V Ceramic Capacitor X7R 0805 (2012 Metric)

Change Component Description : Designator=C44 Old Description=0.1µF ±10% 50V Ceramic Capacitor X7R 0805 (2012 Metric) New Description=0.1µF ±10% 50V Ceramic Capacitor X7R 0805 (2012 Metric)

Change Component Description : Designator=C46 Old Description=0.1µF ±10% 50V Ceramic Capacitor X7R 0805 (2012 Metric) New Description=0.1µF ±10% 50V Ceramic Capacitor X7R 0805 (2012 Metric)

Change Component Description : Designator=C47 Old Description=0.1µF ±10% 50V Ceramic Capacitor X7R 0805 (2012 Metric) New Description=0.1µF ±10% 50V Ceramic Capacitor X7R 0805 (2012 Metric)

Change Component Description : Designator=C53 Old Description=0.1µF ±10% 50V Ceramic Capacitor X7R 0805 (2012 Metric) New Description=0.1µF ±10% 50V Ceramic Capacitor X7R 0805 (2012 Metric)

Change Component Description : Designator=C54 Old Description=0.1µF ±10% 50V Ceramic Capacitor X7R 0805 (2012 Metric) New Description=0.1µF ±10% 50V Ceramic Capacitor X7R 0805 (2012 Metric)

Change Component Description : Designator=C55 Old Description=0.1µF ±10% 50V Ceramic Capacitor X7R 0805 (2012 Metric) New Description=0.1µF ±10% 50V Ceramic Capacitor X7R 0805 (2012 Metric)

Change Component Description : Designator=C57 Old Description=0.1µF ±10% 50V Ceramic Capacitor X7R 0805 (2012 Metric) New Description=0.1µF ±10% 50V Ceramic Capacitor X7R 0805 (2012 Metric)

Change Component Description : Designator=C60 Old Description=0.1µF ±10% 50V Ceramic Capacitor X7R 0805 (2012 Metric) New Description=0.1µF ±10% 50V Ceramic Capacitor X7R 0805 (2012 Metric)

Change Component Description : Designator=C61 Old Description=0.1µF ±10% 50V Ceramic Capacitor X7R 0805 (2012 Metric) New Description=0.1µF ±10% 50V Ceramic Capacitor X7R 0805 (2012 Metric)

Change Component Description : Designator=C62 Old Description=0.1µF ±10% 50V Ceramic Capacitor X7R 0805 (2012 Metric) New Description=0.1µF ±10% 50V Ceramic Capacitor X7R 0805 (2012 Metric)

Change Component Description : Designator=C63 Old Description=0.1µF ±10% 50V Ceramic Capacitor X7R 0805 (2012 Metric) New Description=0.1µF ±10% 50V Ceramic Capacitor X7R 0805 (2012 Metric)

Change Component Description : Designator=C64 Old Description=0.1µF ±10% 50V Ceramic Capacitor X7R 0805 (2012 Metric) New Description=0.1µF ±10% 50V Ceramic Capacitor X7R 0805 (2012 Metric)

Change Component Description : Designator=C69 Old Description=0.1µF ±10% 50V Ceramic Capacitor X7R 0805 (2012 Metric) New Description=0.1µF ±10% 50V Ceramic Capacitor X7R 0805 (2012 Metric)

Change Component Description : Designator=C70 Old Description=0.1µF ±10% 50V Ceramic Capacitor X7R 0805 (2012 Metric) New Description=0.1µF ±10% 50V Ceramic Capacitor X7R 0805 (2012 Metric)

Change Component Description : Designator=C71 Old Description=0.1µF ±10% 50V Ceramic Capacitor X7R 0805 (2012 Metric) New Description=0.1µF ±10% 50V Ceramic Capacitor X7R 0805 (2012 Metric)

Change Component Description : Designator=C72 Old Description=0.1µF ±10% 50V Ceramic Capacitor X7R 0805 (2012 Metric) New Description=0.1µF ±10% 50V Ceramic Capacitor X7R 0805 (2012 Metric)

Change Component Description : Designator=C75 Old Description=0.1µF ±10% 50V Ceramic Capacitor X7R 0805 (2012 Metric) New Description=0.1µF ±10% 50V Ceramic Capacitor X7R 0805 (2012 Metric)

Change Component Description : Designator=C78 Old Description=0.1µF ±10% 50V Ceramic Capacitor X7R 0805 (2012 Metric) New Description=0.1µF ±10% 50V Ceramic Capacitor X7R 0805 (2012 Metric)

Change Component Description : Designator=C86 Old Description=0.1µF ±10% 50V Ceramic Capacitor X7R 0805 (2012 Metric) New Description=0.1µF ±10% 50V Ceramic Capacitor X7R 0805 (2012 Metric)

Change Component Description : Designator=C87 Old Description=0.1µF ±10% 50V Ceramic Capacitor X7R 0805 (2012 Metric) New Description=0.1µF ±10% 50V Ceramic Capacitor X7R 0805 (2012 Metric)

Change Component Description : Designator=C92 Old Description=0.1µF ±10% 50V Ceramic Capacitor X7R 0805 (2012 Metric) New Description=0.1µF ±10% 50V Ceramic Capacitor X7R 0805 (2012 Metric)

Change Component Description : Designator=C35 Old Description=0.022µF ±10% 50V Ceramic Capacitor X7R 0805 (2012 Metric) New Description=0.022µF ±10% 50V Ceramic Capacitor X7R 0805 (2012 Metric)

Change Component Description : Designator=C39 Old Description=0.022µF ±10% 50V Ceramic Capacitor X7R 0805 (2012 Metric) New Description=0.022µF ±10% 50V Ceramic Capacitor X7R 0805 (2012 Metric)

Change Component Description : Designator=R3 Old Description=1.5 kOhms ±1% 0.125W, 1/8W Chip Resistor 0805 (2012 Metric) Thick Film New Description=1.5 kOhms ±1% 0.125W, 1/8W Chip Resistor 0805 (2012 Metric) Thick Film 

Change Component Description : Designator=R28 Old Description=1 kOhms ±1% 0.1W, 1/10W Chip Resistor 0603 (1608 Metric) Automotive AEC-Q200 Thick Film New Description=1 kOhms ±1% 0.1W, 1/10W Chip Resistor 0603 (1608 Metric) Automotive AEC-Q200 Thick Film

Change Component Description : Designator=R29 Old Description=1 kOhms ±1% 0.1W, 1/10W Chip Resistor 0603 (1608 Metric) Automotive AEC-Q200 Thick Film New Description=1 kOhms ±1% 0.1W, 1/10W Chip Resistor 0603 (1608 Metric) Automotive AEC-Q200 Thick Film

Change Component Description : Designator=R12 Old Description=1 MOhms ±1% 0.25W, 1/4W Chip Resistor 1206 (3216 Metric) Automotive AEC-Q200, High Voltage Thick Film New Description=1 MOhms ±1% 0.25W, 1/4W Chip Resistor 1206 (3216 Metric) Automotive AEC-Q200, High Voltage Thick Film

Change Component Description : Designator=C7 Old Description=1µF ±5% 50V Ceramic Capacitor X7R 0805 (2012 Metric) New Description=1µF ±5% 50V Ceramic Capacitor X7R 0805 (2012 Metric)

Change Component Description : Designator=C12 Old Description=1µF ±5% 50V Ceramic Capacitor X7R 0805 (2012 Metric) New Description=1µF ±5% 50V Ceramic Capacitor X7R 0805 (2012 Metric)

Change Component Description : Designator=C18 Old Description=1µF ±5% 50V Ceramic Capacitor X7R 0805 (2012 Metric) New Description=1µF ±5% 50V Ceramic Capacitor X7R 0805 (2012 Metric)

Change Component Description : Designator=C23 Old Description=1µF ±5% 50V Ceramic Capacitor X7R 0805 (2012 Metric) New Description=1µF ±5% 50V Ceramic Capacitor X7R 0805 (2012 Metric)

Change Component Description : Designator=C26 Old Description=1µF ±5% 50V Ceramic Capacitor X7R 0805 (2012 Metric) New Description=1µF ±5% 50V Ceramic Capacitor X7R 0805 (2012 Metric)

Change Component Description : Designator=C27 Old Description=1µF ±5% 50V Ceramic Capacitor X7R 0805 (2012 Metric) New Description=1µF ±5% 50V Ceramic Capacitor X7R 0805 (2012 Metric)

Change Component Description : Designator=C37 Old Description=1µF ±5% 50V Ceramic Capacitor X7R 0805 (2012 Metric) New Description=1µF ±5% 50V Ceramic Capacitor X7R 0805 (2012 Metric)

Change Component Description : Designator=C41 Old Description=1µF ±5% 50V Ceramic Capacitor X7R 0805 (2012 Metric) New Description=1µF ±5% 50V Ceramic Capacitor X7R 0805 (2012 Metric)

Change Component Description : Designator=C42 Old Description=1µF ±5% 50V Ceramic Capacitor X7R 0805 (2012 Metric) New Description=1µF ±5% 50V Ceramic Capacitor X7R 0805 (2012 Metric)

Change Component Description : Designator=C43 Old Description=1µF ±5% 50V Ceramic Capacitor X7R 0805 (2012 Metric) New Description=1µF ±5% 50V Ceramic Capacitor X7R 0805 (2012 Metric)

Change Component Description : Designator=C51 Old Description=1µF ±5% 50V Ceramic Capacitor X7R 0805 (2012 Metric) New Description=1µF ±5% 50V Ceramic Capacitor X7R 0805 (2012 Metric)

Change Component Description : Designator=C52 Old Description=1µF ±5% 50V Ceramic Capacitor X7R 0805 (2012 Metric) New Description=1µF ±5% 50V Ceramic Capacitor X7R 0805 (2012 Metric)

Change Component Description : Designator=C67 Old Description=1µF ±5% 50V Ceramic Capacitor X7R 0805 (2012 Metric) New Description=1µF ±5% 50V Ceramic Capacitor X7R 0805 (2012 Metric)

Change Component Description : Designator=C68 Old Description=1µF ±5% 50V Ceramic Capacitor X7R 0805 (2012 Metric) New Description=1µF ±5% 50V Ceramic Capacitor X7R 0805 (2012 Metric)

Change Component Description : Designator=C73 Old Description=1µF ±5% 50V Ceramic Capacitor X7R 0805 (2012 Metric) New Description=1µF ±5% 50V Ceramic Capacitor X7R 0805 (2012 Metric)

Change Component Description : Designator=C76 Old Description=1µF ±5% 50V Ceramic Capacitor X7R 0805 (2012 Metric) New Description=1µF ±5% 50V Ceramic Capacitor X7R 0805 (2012 Metric)

Change Component Description : Designator=C77 Old Description=1µF ±5% 50V Ceramic Capacitor X7R 0805 (2012 Metric) New Description=1µF ±5% 50V Ceramic Capacitor X7R 0805 (2012 Metric)

Change Component Description : Designator=C79 Old Description=1µF ±5% 50V Ceramic Capacitor X7R 0805 (2012 Metric) New Description=1µF ±5% 50V Ceramic Capacitor X7R 0805 (2012 Metric)

Change Component Description : Designator=C85 Old Description=1µF ±5% 50V Ceramic Capacitor X7R 0805 (2012 Metric) New Description=1µF ±5% 50V Ceramic Capacitor X7R 0805 (2012 Metric)

Change Component Description : Designator=C88 Old Description=1µF ±5% 50V Ceramic Capacitor X7R 0805 (2012 Metric) New Description=1µF ±5% 50V Ceramic Capacitor X7R 0805 (2012 Metric)

Change Component Description : Designator=C91 Old Description=1µF ±5% 50V Ceramic Capacitor X7R 0805 (2012 Metric) New Description=1µF ±5% 50V Ceramic Capacitor X7R 0805 (2012 Metric)

Change Component Description : Designator=C65 Old Description=2.2µF ±10% 25V Ceramic Capacitor X7R 0805 (2012 Metric) New Description=2.2µF ±10% 25V Ceramic Capacitor X7R 0805 (2012 Metric)

Change Component Description : Designator=C66 Old Description=2.2µF ±10% 25V Ceramic Capacitor X7R 0805 (2012 Metric) New Description=2.2µF ±10% 25V Ceramic Capacitor X7R 0805 (2012 Metric)

Change Component Description : Designator=R13 Old Description=2 kOhms ±1% 0.125W, 1/8W Chip Resistor 0603 (1608 Metric) Anti-Sulfur, Moisture Resistant Thin Film New Description=2 kOhms ±1% 0.125W, 1/8W Chip Resistor 0603 (1608 Metric) Anti-Sulfur, Moisture Resistant Thin Film

Change Component Description : Designator=R37 Old Description=2 kOhms ±1% 0.125W, 1/8W Chip Resistor 0603 (1608 Metric) Anti-Sulfur, Moisture Resistant Thin Film New Description=2 kOhms ±1% 0.125W, 1/8W Chip Resistor 0603 (1608 Metric) Anti-Sulfur, Moisture Resistant Thin Film

Change Component Description : Designator=R6 Old Description=3.3 kOhms ±1% 0.1W, 1/10W Chip Resistor 0603 (1608 Metric) Automotive AEC-Q200 Thick Film New Description=3.3 kOhms ±1% 0.1W, 1/10W Chip Resistor 0603 (1608 Metric) Automotive AEC-Q200 Thick Film

Change Component Description : Designator=R7 Old Description=3.3 kOhms ±1% 0.1W, 1/10W Chip Resistor 0603 (1608 Metric) Automotive AEC-Q200 Thick Film New Description=3.3 kOhms ±1% 0.1W, 1/10W Chip Resistor 0603 (1608 Metric) Automotive AEC-Q200 Thick Film

Change Component Description : Designator=R14 Old Description=3.3 kOhms ±1% 0.1W, 1/10W Chip Resistor 0603 (1608 Metric) Automotive AEC-Q200 Thick Film New Description=3.3 kOhms ±1% 0.1W, 1/10W Chip Resistor 0603 (1608 Metric) Automotive AEC-Q200 Thick Film

Change Component Description : Designator=R38 Old Description=3.3 kOhms ±1% 0.1W, 1/10W Chip Resistor 0603 (1608 Metric) Automotive AEC-Q200 Thick Film New Description=3.3 kOhms ±1% 0.1W, 1/10W Chip Resistor 0603 (1608 Metric) Automotive AEC-Q200 Thick Film

Change Component Description : Designator=C1 Old Description=4.7µF ±10% 50V Ceramic Capacitor X5R 0805 (2012 Metric) New Description=4.7µF ±10% 50V Ceramic Capacitor X5R 0805 (2012 Metric)

Change Component Description : Designator=C59 Old Description=4.7µF ±10% 50V Ceramic Capacitor X5R 0805 (2012 Metric) New Description=4.7µF ±10% 50V Ceramic Capacitor X5R 0805 (2012 Metric)

Change Component Description : Designator=R11 Old Description=6.49 kOhms ±1% 0.125W, 1/8W Chip Resistor 0805 (2012 Metric) Moisture Resistant Thick Film New Description=6.49 kOhms ±1% 0.125W, 1/8W Chip Resistor 0805 (2012 Metric) Moisture Resistant Thick Film

Change Component Description : Designator=D1 Old Description=8.8V Clamp 5A (8/20µs) Ipp Tvs Diode Surface Mount SOD-923 New Description=8.8V Clamp 5A (8/20µs) Ipp Tvs Diode Surface Mount SOD-923

Change Component Description : Designator=D2 Old Description=8.8V Clamp 5A (8/20µs) Ipp Tvs Diode Surface Mount SOD-923 New Description=8.8V Clamp 5A (8/20µs) Ipp Tvs Diode Surface Mount SOD-923

Change Component Description : Designator=D3 Old Description=8.8V Clamp 5A (8/20µs) Ipp Tvs Diode Surface Mount SOD-923 New Description=8.8V Clamp 5A (8/20µs) Ipp Tvs Diode Surface Mount SOD-923

Change Component Description : Designator=D4 Old Description=8.8V Clamp 5A (8/20µs) Ipp Tvs Diode Surface Mount SOD-923 New Description=8.8V Clamp 5A (8/20µs) Ipp Tvs Diode Surface Mount SOD-923

Change Component Description : Designator=X1 Old Description=8MHz ±30ppm Crystal 32pF 60 Ohms HC-49/US New Description=8MHz ±30ppm Crystal 32pF 60 Ohms HC-49/US

Change Component Description : Designator=X2 Old Description=8MHz ±30ppm Crystal 32pF 60 Ohms HC-49/US New Description=8MHz ±30ppm Crystal 32pF 60 Ohms HC-49/US

Change Component Description : Designator=R2 Old Description=10 kOhms ±1% 0.1W, 1/10W Chip Resistor 0603 (1608 Metric) Automotive AEC-Q200 Thick Film New Description=10 kOhms ±1% 0.1W, 1/10W Chip Resistor 0603 (1608 Metric) Automotive AEC-Q200 Thick Film

Change Component Description : Designator=R5 Old Description=10 kOhms ±1% 0.1W, 1/10W Chip Resistor 0603 (1608 Metric) Automotive AEC-Q200 Thick Film New Description=10 kOhms ±1% 0.1W, 1/10W Chip Resistor 0603 (1608 Metric) Automotive AEC-Q200 Thick Film

Change Component Description : Designator=R8 Old Description=10 kOhms ±1% 0.1W, 1/10W Chip Resistor 0603 (1608 Metric) Automotive AEC-Q200 Thick Film New Description=10 kOhms ±1% 0.1W, 1/10W Chip Resistor 0603 (1608 Metric) Automotive AEC-Q200 Thick Film

Change Component Description : Designator=R9 Old Description=10 kOhms ±1% 0.1W, 1/10W Chip Resistor 0603 (1608 Metric) Automotive AEC-Q200 Thick Film New Description=10 kOhms ±1% 0.1W, 1/10W Chip Resistor 0603 (1608 Metric) Automotive AEC-Q200 Thick Film

Change Component Description : Designator=R10 Old Description=10 kOhms ±1% 0.1W, 1/10W Chip Resistor 0603 (1608 Metric) Automotive AEC-Q200 Thick Film New Description=10 kOhms ±1% 0.1W, 1/10W Chip Resistor 0603 (1608 Metric) Automotive AEC-Q200 Thick Film

Change Component Description : Designator=R15 Old Description=10 kOhms ±1% 0.1W, 1/10W Chip Resistor 0603 (1608 Metric) Automotive AEC-Q200 Thick Film New Description=10 kOhms ±1% 0.1W, 1/10W Chip Resistor 0603 (1608 Metric) Automotive AEC-Q200 Thick Film

Change Component Description : Designator=R16 Old Description=10 kOhms ±1% 0.1W, 1/10W Chip Resistor 0603 (1608 Metric) Automotive AEC-Q200 Thick Film New Description=10 kOhms ±1% 0.1W, 1/10W Chip Resistor 0603 (1608 Metric) Automotive AEC-Q200 Thick Film

Change Component Description : Designator=R17 Old Description=10 kOhms ±1% 0.1W, 1/10W Chip Resistor 0603 (1608 Metric) Automotive AEC-Q200 Thick Film New Description=10 kOhms ±1% 0.1W, 1/10W Chip Resistor 0603 (1608 Metric) Automotive AEC-Q200 Thick Film

Change Component Description : Designator=R18 Old Description=10 kOhms ±1% 0.1W, 1/10W Chip Resistor 0603 (1608 Metric) Automotive AEC-Q200 Thick Film New Description=10 kOhms ±1% 0.1W, 1/10W Chip Resistor 0603 (1608 Metric) Automotive AEC-Q200 Thick Film

Change Component Description : Designator=R21 Old Description=10 kOhms ±1% 0.1W, 1/10W Chip Resistor 0603 (1608 Metric) Automotive AEC-Q200 Thick Film New Description=10 kOhms ±1% 0.1W, 1/10W Chip Resistor 0603 (1608 Metric) Automotive AEC-Q200 Thick Film

Change Component Description : Designator=R22 Old Description=10 kOhms ±1% 0.1W, 1/10W Chip Resistor 0603 (1608 Metric) Automotive AEC-Q200 Thick Film New Description=10 kOhms ±1% 0.1W, 1/10W Chip Resistor 0603 (1608 Metric) Automotive AEC-Q200 Thick Film

Change Component Description : Designator=R23 Old Description=10 kOhms ±1% 0.1W, 1/10W Chip Resistor 0603 (1608 Metric) Automotive AEC-Q200 Thick Film New Description=10 kOhms ±1% 0.1W, 1/10W Chip Resistor 0603 (1608 Metric) Automotive AEC-Q200 Thick Film

Change Component Description : Designator=R24 Old Description=10 kOhms ±1% 0.1W, 1/10W Chip Resistor 0603 (1608 Metric) Automotive AEC-Q200 Thick Film New Description=10 kOhms ±1% 0.1W, 1/10W Chip Resistor 0603 (1608 Metric) Automotive AEC-Q200 Thick Film

Change Component Description : Designator=R25 Old Description=10 kOhms ±1% 0.1W, 1/10W Chip Resistor 0603 (1608 Metric) Automotive AEC-Q200 Thick Film New Description=10 kOhms ±1% 0.1W, 1/10W Chip Resistor 0603 (1608 Metric) Automotive AEC-Q200 Thick Film

Change Component Description : Designator=R26 Old Description=10 kOhms ±1% 0.1W, 1/10W Chip Resistor 0603 (1608 Metric) Automotive AEC-Q200 Thick Film New Description=10 kOhms ±1% 0.1W, 1/10W Chip Resistor 0603 (1608 Metric) Automotive AEC-Q200 Thick Film

Change Component Description : Designator=R32 Old Description=10 kOhms ±1% 0.1W, 1/10W Chip Resistor 0603 (1608 Metric) Automotive AEC-Q200 Thick Film New Description=10 kOhms ±1% 0.1W, 1/10W Chip Resistor 0603 (1608 Metric) Automotive AEC-Q200 Thick Film

Change Component Description : Designator=R33 Old Description=10 kOhms ±1% 0.1W, 1/10W Chip Resistor 0603 (1608 Metric) Automotive AEC-Q200 Thick Film New Description=10 kOhms ±1% 0.1W, 1/10W Chip Resistor 0603 (1608 Metric) Automotive AEC-Q200 Thick Film

Change Component Description : Designator=R35 Old Description=10 kOhms ±1% 0.1W, 1/10W Chip Resistor 0603 (1608 Metric) Automotive AEC-Q200 Thick Film New Description=10 kOhms ±1% 0.1W, 1/10W Chip Resistor 0603 (1608 Metric) Automotive AEC-Q200 Thick Film

Change Component Description : Designator=R39 Old Description=10 kOhms ±1% 0.1W, 1/10W Chip Resistor 0603 (1608 Metric) Automotive AEC-Q200 Thick Film New Description=10 kOhms ±1% 0.1W, 1/10W Chip Resistor 0603 (1608 Metric) Automotive AEC-Q200 Thick Film

Change Component Description : Designator=R40 Old Description=10 kOhms ±1% 0.1W, 1/10W Chip Resistor 0603 (1608 Metric) Automotive AEC-Q200 Thick Film New Description=10 kOhms ±1% 0.1W, 1/10W Chip Resistor 0603 (1608 Metric) Automotive AEC-Q200 Thick Film

Change Component Description : Designator=R41 Old Description=10 kOhms ±1% 0.1W, 1/10W Chip Resistor 0603 (1608 Metric) Automotive AEC-Q200 Thick Film New Description=10 kOhms ±1% 0.1W, 1/10W Chip Resistor 0603 (1608 Metric) Automotive AEC-Q200 Thick Film

Change Component Description : Designator=R42 Old Description=10 kOhms ±1% 0.1W, 1/10W Chip Resistor 0603 (1608 Metric) Automotive AEC-Q200 Thick Film New Description=10 kOhms ±1% 0.1W, 1/10W Chip Resistor 0603 (1608 Metric) Automotive AEC-Q200 Thick Film

Change Component Description : Designator=R45 Old Description=10 kOhms ±1% 0.1W, 1/10W Chip Resistor 0603 (1608 Metric) Automotive AEC-Q200 Thick Film New Description=10 kOhms ±1% 0.1W, 1/10W Chip Resistor 0603 (1608 Metric) Automotive AEC-Q200 Thick Film

Change Component Description : Designator=R46 Old Description=10 kOhms ±1% 0.1W, 1/10W Chip Resistor 0603 (1608 Metric) Automotive AEC-Q200 Thick Film New Description=10 kOhms ±1% 0.1W, 1/10W Chip Resistor 0603 (1608 Metric) Automotive AEC-Q200 Thick Film

Change Component Description : Designator=R47 Old Description=10 kOhms ±1% 0.1W, 1/10W Chip Resistor 0603 (1608 Metric) Automotive AEC-Q200 Thick Film New Description=10 kOhms ±1% 0.1W, 1/10W Chip Resistor 0603 (1608 Metric) Automotive AEC-Q200 Thick Film

Change Component Description : Designator=R48 Old Description=10 kOhms ±1% 0.1W, 1/10W Chip Resistor 0603 (1608 Metric) Automotive AEC-Q200 Thick Film New Description=10 kOhms ±1% 0.1W, 1/10W Chip Resistor 0603 (1608 Metric) Automotive AEC-Q200 Thick Film

Change Component Description : Designator=C11 Old Description=10µF ±10% 50V Ceramic Capacitor X7R 1206 (3216 Metric) New Description=10µF ±10% 50V Ceramic Capacitor X7R 1206 (3216 Metric)

Change Component Description : Designator=C19 Old Description=10µF ±10% 50V Ceramic Capacitor X7R 1206 (3216 Metric) New Description=10µF ±10% 50V Ceramic Capacitor X7R 1206 (3216 Metric)

Change Component Description : Designator=C45 Old Description=10µF ±10% 50V Ceramic Capacitor X7R 1206 (3216 Metric) New Description=10µF ±10% 50V Ceramic Capacitor X7R 1206 (3216 Metric)

Change Component Description : Designator=C50 Old Description=10µF ±10% 50V Ceramic Capacitor X7R 1206 (3216 Metric) New Description=10µF ±10% 50V Ceramic Capacitor X7R 1206 (3216 Metric)

Change Component Description : Designator=C83 Old Description=10µF ±10% 50V Ceramic Capacitor X7R 1206 (3216 Metric) New Description=10µF ±10% 50V Ceramic Capacitor X7R 1206 (3216 Metric)

Change Component Description : Designator=C84 Old Description=10µF ±10% 50V Ceramic Capacitor X7R 1206 (3216 Metric) New Description=10µF ±10% 50V Ceramic Capacitor X7R 1206 (3216 Metric)

Change Component Description : Designator=C89 Old Description=10µF ±10% 50V Ceramic Capacitor X7R 1206 (3216 Metric) New Description=10µF ±10% 50V Ceramic Capacitor X7R 1206 (3216 Metric)

Change Component Description : Designator=C90 Old Description=10µF ±10% 50V Ceramic Capacitor X7R 1206 (3216 Metric) New Description=10µF ±10% 50V Ceramic Capacitor X7R 1206 (3216 Metric)

Change Component Description : Designator=Y1 Old Description=25MHz ±30ppm Crystal 20pF 30 Ohms HC-49/US New Description=25MHz ±30ppm Crystal 20pF 30 Ohms HC-49/US

Change Component Description : Designator=R19 Old Description=50 mOhms ±1% 2W Chip Resistor 2512 (6432 Metric) Automotive AEC-Q200, Current Sense, Moisture Resistant Metal Element New Description=50 mOhms ±1% 2W Chip Resistor 2512 (6432 Metric) Automotive AEC-Q200, Current Sense, Moisture Resistant Metal Element

Change Component Description : Designator=R43 Old Description=50 mOhms ±1% 2W Chip Resistor 2512 (6432 Metric) Automotive AEC-Q200, Current Sense, Moisture Resistant Metal Element New Description=50 mOhms ±1% 2W Chip Resistor 2512 (6432 Metric) Automotive AEC-Q200, Current Sense, Moisture Resistant Metal Element

Change Component Description : Designator=R30 Old Description=51.1 Ohms ±1% 0.1W, 1/10W Chip Resistor 0603 (1608 Metric) Thick Film New Description=51.1 Ohms ±1% 0.1W, 1/10W Chip Resistor 0603 (1608 Metric) Thick Film

Change Component Description : Designator=R31 Old Description=51.1 Ohms ±1% 0.1W, 1/10W Chip Resistor 0603 (1608 Metric) Thick Film New Description=51.1 Ohms ±1% 0.1W, 1/10W Chip Resistor 0603 (1608 Metric) Thick Film

Change Component Description : Designator=R1 Old Description=100 kOhms ±1% 0.1W, 1/10W Chip Resistor 0603 (1608 Metric) Automotive AEC-Q200 Thick Film New Description=100 kOhms ±1% 0.1W, 1/10W Chip Resistor 0603 (1608 Metric) Automotive AEC-Q200 Thick Film

Change Component Description : Designator=R4 Old Description=100 kOhms ±1% 0.1W, 1/10W Chip Resistor 0603 (1608 Metric) Automotive AEC-Q200 Thick Film New Description=100 kOhms ±1% 0.1W, 1/10W Chip Resistor 0603 (1608 Metric) Automotive AEC-Q200 Thick Film

Change Component Description : Designator=R27 Old Description=100 kOhms ±1% 0.1W, 1/10W Chip Resistor 0603 (1608 Metric) Automotive AEC-Q200 Thick Film New Description=100 kOhms ±1% 0.1W, 1/10W Chip Resistor 0603 (1608 Metric) Automotive AEC-Q200 Thick Film

Change Component Description : Designator=R34 Old Description=100 kOhms ±1% 0.1W, 1/10W Chip Resistor 0603 (1608 Metric) Automotive AEC-Q200 Thick Film New Description=100 kOhms ±1% 0.1W, 1/10W Chip Resistor 0603 (1608 Metric) Automotive AEC-Q200 Thick Film

Change Component Description : Designator=R36 Old Description=100 kOhms ±1% 0.1W, 1/10W Chip Resistor 0603 (1608 Metric) Automotive AEC-Q200 Thick Film New Description=100 kOhms ±1% 0.1W, 1/10W Chip Resistor 0603 (1608 Metric) Automotive AEC-Q200 Thick Film

Change Component Description : Designator=C24 Old Description=100µF 25V Aluminum Electrolytic Capacitors Radial, Can - SMD 1000 Hrs @ 105°C New Description=100µF 25V Aluminum Electrolytic Capacitors Radial, Can - SMD 1000 Hrs @ 105°C

Change Component Description : Designator=C80 Old Description=100µF 50V Aluminum Polymer Capacitor Radial, Can - SMD 28mOhm 4000 Hrs @ 125°C New Description=100µF 50V Aluminum Polymer Capacitor Radial, Can - SMD 28mOhm 4000 Hrs @ 125°C

Change Component Description : Designator=C81 Old Description=100µF 50V Aluminum Polymer Capacitor Radial, Can - SMD 28mOhm 4000 Hrs @ 125°C New Description=100µF 50V Aluminum Polymer Capacitor Radial, Can - SMD 28mOhm 4000 Hrs @ 125°C

Change Component Description : Designator=C82 Old Description=100µF 50V Aluminum Polymer Capacitor Radial, Can - SMD 28mOhm 4000 Hrs @ 125°C New Description=100µF 50V Aluminum Polymer Capacitor Radial, Can - SMD 28mOhm 4000 Hrs @ 125°C

Change Component Description : Designator=C48 Old Description=150pF ±10% 50V Ceramic Capacitor C0G, NP0 0805 (2012 Metric) New Description=150pF ±10% 50V Ceramic Capacitor C0G, NP0 0805 (2012 Metric)

Change Component Description : Designator=C49 Old Description=150pF ±10% 50V Ceramic Capacitor C0G, NP0 0805 (2012 Metric) New Description=150pF ±10% 50V Ceramic Capacitor C0G, NP0 0805 (2012 Metric)

Change Component Description : Designator=C10 Old Description=2000pF ±10% 50V Ceramic Capacitor X7R 0805 (2012 Metric) New Description=2000pF ±10% 50V Ceramic Capacitor X7R 0805 (2012 Metric)

Change Component Description : Designator=C8 Old Description=10000pF ±10% 50V Ceramic Capacitor X7R 0805 (2012 Metric) New Description=10000pF ±10% 50V Ceramic Capacitor X7R 0805 (2012 Metric)

Change Component Description : Designator=C14 Old Description=10000pF ±10% 50V Ceramic Capacitor X7R 0805 (2012 Metric) New Description=10000pF ±10% 50V Ceramic Capacitor X7R 0805 (2012 Metric)

Change Component Description : Designator=C16 Old Description=10000pF ±10% 50V Ceramic Capacitor X7R 0805 (2012 Metric) New Description=10000pF ±10% 50V Ceramic Capacitor X7R 0805 (2012 Metric)

Change Component Description : Designator=C33 Old Description=10000pF ±10% 50V Ceramic Capacitor X7R 0805 (2012 Metric) New Description=10000pF ±10% 50V Ceramic Capacitor X7R 0805 (2012 Metric)

Change Component Description : Designator=C34 Old Description=10000pF ±10% 50V Ceramic Capacitor X7R 0805 (2012 Metric) New Description=10000pF ±10% 50V Ceramic Capacitor X7R 0805 (2012 Metric)

Change Component Description : Designator=C21 Old Description=10000pF ±10% 1000V (1kV) Ceramic Capacitor X7R Radial New Description=10000pF ±10% 1000V (1kV) Ceramic Capacitor X7R Radial

Change Component Description : Designator=U1 Old Description=ARM® Cortex®-M3 STM32F1 Microcontroller IC 32-Bit 72MHz 64KB (64K x 8) FLASH 48-LQFP (7x7) New Description=ARM® Cortex®-M3 STM32F1 Microcontroller IC 32-Bit 72MHz 64KB (64K x 8) FLASH 48-LQFP (7x7)

Change Component Description : Designator=U8 Old Description=ARM® Cortex®-M4 STM32F4 Microcontroller IC 32-Bit 168MHz 1MB (1M x 8) FLASH 100-LQFP (14x14) New Description=ARM® Cortex®-M4 STM32F4 Microcontroller IC 32-Bit 168MHz 1MB (1M x 8) FLASH 100-LQFP (14x14)

Change Component Description : Designator=R20 Old Description=Thick Film Resistors - SMD 33KOhms 1/8W 150V33 kOhms ±1% 0.125W, 1/8W Chip Resistor 0805 (2012 Metric) Thick Film New Description=Thick Film Resistors - SMD 33KOhms 1/8W 150V33 kOhms ±1% 0.125W, 1/8W Chip Resistor 0805 (2012 Metric) Thick Film

Change Component Description : Designator=R44 Old Description=Thick Film Resistors - SMD 33KOhms 1/8W 150V33 kOhms ±1% 0.125W, 1/8W Chip Resistor 0805 (2012 Metric) Thick Film New Description=Thick Film Resistors - SMD 33KOhms 1/8W 150V33 kOhms ±1% 0.125W, 1/8W Chip Resistor 0805 (2012 Metric) Thick Film

Change Component Description : Designator=D8 Old Description=Zener Diode 1.8V 500mW ±5% Surface Mount DO-213AA New Description=Zener Diode 1.8V 500mW ±5% Surface Mount DO-213AA

Change Component Description : Designator=D6 Old Description=Zener Diode 3.3V 500mW ±6% Surface Mount SOD-123 New Description=Zener Diode 3.3V 500mW ±6% Surface Mount SOD-123 

Change Component Description : Designator=C5 Old Description=±10% 50V Ceramic Capacitor C0G, NP0 0805 (2012 Metric) New Description=±10% 50V Ceramic Capacitor C0G, NP0 0805 (2012 Metric)

Change Component Description : Designator=C6 Old Description=±10% 50V Ceramic Capacitor C0G, NP0 0805 (2012 Metric) New Description=±10% 50V Ceramic Capacitor C0G, NP0 0805 (2012 Metric)

Change Component Description : Designator=C15 Old Description=±10% 50V Ceramic Capacitor C0G, NP0 0805 (2012 Metric) New Description=±10% 50V Ceramic Capacitor C0G, NP0 0805 (2012 Metric)

Change Component Description : Designator=C20 Old Description=±10% 50V Ceramic Capacitor C0G, NP0 0805 (2012 Metric) New Description=±10% 50V Ceramic Capacitor C0G, NP0 0805 (2012 Metric)

Change Component Description : Designator=C56 Old Description=±10% 50V Ceramic Capacitor C0G, NP0 0805 (2012 Metric) New Description=±10% 50V Ceramic Capacitor C0G, NP0 0805 (2012 Metric)

Change Component Description : Designator=C58 Old Description=±10% 50V Ceramic Capacitor C0G, NP0 0805 (2012 Metric) New Description=±10% 50V Ceramic Capacitor C0G, NP0 0805 (2012 Metric)

Added Pin To Net: NetName=GND Pin=U7-5
Added Pin To Net: NetName=GND Pin=U7-5
Added Pin To Net: NetName=GND Pin=U7-5
Added Pin To Net: NetName=GND Pin=U7-5
